[2025-01-22 13:28:22,310][rgc][INFO] - Recording ids [1, 2, 3, 4, 5, 6, 7]
[2025-01-22 13:28:22,976][jax._src.xla_bridge][INFO] - Unable to initialize backend 'rocm': module 'jaxlib.xla_extension' has no attribute 'GpuAllocatorConfig'
[2025-01-22 13:28:22,977][jax._src.xla_bridge][INFO] - Unable to initialize backend 'tpu': INTERNAL: Failed to open libtpu.so: libtpu.so: cannot open shared object file: No such file or directory
[2025-01-22 13:28:27,907][rgc][INFO] - Recomputing avg_recordings
[2025-01-22 13:29:48,899][rgc][INFO] - number_of_recordings_each_scanfield [5, 2, 3, 4, 5, 3, 5]
[2025-01-22 13:29:51,956][rgc][INFO] - Inserted 27 recordings
[2025-01-22 13:29:51,956][rgc][INFO] - number_of_recordings_each_scanfield [5, 2, 3, 4, 5, 3, 5]
[2025-01-22 13:29:52,032][rgc][INFO] - currents.shape (7168, 179)
[2025-01-22 13:29:52,032][rgc][INFO] - labels.shape (7168, 27)
[2025-01-22 13:29:52,032][rgc][INFO] - loss_weights.shape (7168, 27)
[2025-01-22 13:29:58,464][rgc][INFO] - Weight mean 0.04815898814742354
[2025-01-22 13:29:58,771][rgc][INFO] - Num train 5632, num val 1408, num test 128
[2025-01-22 13:30:00,006][rgc][INFO] - noise_full (7168, 15, 20)
[2025-01-22 13:30:00,007][rgc][INFO] - number of training batches 22
[2025-01-22 13:30:00,007][rgc][INFO] - lr scheduling dict: {350: 0.1, 700: 0.1}
[2025-01-22 13:30:00,077][rgc][INFO] - Starting to train
[2025-01-22 13:30:00,077][rgc][INFO] - Number of epochs 46
[2025-01-22 14:01:14,467][rgc][INFO] - Batch 0, avg loss per batch: 4.5814000207019365
[2025-01-22 14:32:46,518][rgc][INFO] - Batch 1, avg loss per batch: 4.395231399303846
[2025-01-22 14:56:51,476][rgc][INFO] - Batch 2, avg loss per batch: 4.737440286328849
[2025-01-22 15:21:12,570][rgc][INFO] - Batch 3, avg loss per batch: 4.756224448394907
