[2025-01-22 16:02:22,607][rgc][INFO] - Recording ids [1, 2, 3, 4, 5, 6, 7]
[2025-01-22 16:02:24,063][jax._src.xla_bridge][INFO] - Unable to initialize backend 'rocm': module 'jaxlib.xla_extension' has no attribute 'GpuAllocatorConfig'
[2025-01-22 16:02:24,064][jax._src.xla_bridge][INFO] - Unable to initialize backend 'tpu': INTERNAL: Failed to open libtpu.so: libtpu.so: cannot open shared object file: No such file or directory
[2025-01-22 16:02:27,791][rgc][INFO] - Recomputing avg_recordings
[2025-01-22 16:03:46,873][rgc][INFO] - number_of_recordings_each_scanfield [5, 2, 3, 4, 5, 3, 5]
[2025-01-22 16:03:49,902][rgc][INFO] - Inserted 27 recordings
[2025-01-22 16:03:49,902][rgc][INFO] - number_of_recordings_each_scanfield [5, 2, 3, 4, 5, 3, 5]
[2025-01-22 16:03:49,978][rgc][INFO] - currents.shape (7168, 179)
[2025-01-22 16:03:49,978][rgc][INFO] - labels.shape (7168, 27)
[2025-01-22 16:03:49,978][rgc][INFO] - loss_weights.shape (7168, 27)
[2025-01-22 16:03:56,456][rgc][INFO] - Weight mean 0.04815898814742354
[2025-01-22 16:03:56,766][rgc][INFO] - Num train 5632, num val 1408, num test 128
[2025-01-22 16:03:58,025][rgc][INFO] - noise_full (7168, 15, 20)
[2025-01-22 16:03:58,025][rgc][INFO] - number of training batches 22
[2025-01-22 16:03:58,026][rgc][INFO] - lr scheduling dict: {}
[2025-01-22 16:03:58,094][rgc][INFO] - Starting to train
[2025-01-22 16:03:58,095][rgc][INFO] - Number of epochs 1
[2025-01-22 16:35:08,995][rgc][INFO] - Batch 0, avg loss per batch: 4.5814000207019365
[2025-01-22 17:06:38,646][rgc][INFO] - Batch 1, avg loss per batch: 4.395231399303846
[2025-01-22 17:30:56,225][rgc][INFO] - Batch 2, avg loss per batch: 4.737440286328849
[2025-01-22 17:55:17,909][rgc][INFO] - Batch 3, avg loss per batch: 4.756224448394907
[2025-01-22 18:19:41,427][rgc][INFO] - Batch 4, avg loss per batch: 4.623688400337269
[2025-01-22 18:44:05,212][rgc][INFO] - Batch 5, avg loss per batch: 4.785724953247953
[2025-01-22 19:08:30,972][rgc][INFO] - Batch 6, avg loss per batch: 5.007792978177232
[2025-01-22 19:32:54,514][rgc][INFO] - Batch 7, avg loss per batch: 4.920787071477987
[2025-01-22 19:57:19,079][rgc][INFO] - Batch 8, avg loss per batch: 4.787742073441285
[2025-01-22 20:21:40,397][rgc][INFO] - Batch 9, avg loss per batch: 4.910824176955925
[2025-01-22 20:46:00,702][rgc][INFO] - Batch 10, avg loss per batch: 5.001371049175899
[2025-01-22 21:10:26,374][rgc][INFO] - Batch 11, avg loss per batch: 5.096034336113602
[2025-01-22 21:34:47,416][rgc][INFO] - Batch 12, avg loss per batch: 5.099281683350982
[2025-01-22 21:59:10,779][rgc][INFO] - Batch 13, avg loss per batch: 4.6630872379451045
[2025-01-22 22:23:35,463][rgc][INFO] - Batch 14, avg loss per batch: 4.819684014540946
[2025-01-22 22:47:59,799][rgc][INFO] - Batch 15, avg loss per batch: 4.865053679391024
[2025-01-22 23:12:15,798][rgc][INFO] - Batch 16, avg loss per batch: 4.85511918597273
[2025-01-22 23:36:40,185][rgc][INFO] - Batch 17, avg loss per batch: 4.932312854518628
[2025-01-23 00:01:01,766][rgc][INFO] - Batch 18, avg loss per batch: 4.580278999297528
[2025-01-23 00:25:26,880][rgc][INFO] - Batch 19, avg loss per batch: 4.707179818524834
[2025-01-23 00:49:51,363][rgc][INFO] - Batch 20, avg loss per batch: 4.794166462768512
[2025-01-23 01:14:12,076][rgc][INFO] - Batch 21, avg loss per batch: 4.592236458178389
[2025-01-23 01:14:12,090][rgc][INFO] - ================= Epoch 0, loss: 105.51266158814538 ===============
[2025-01-23 01:43:10,942][rgc][INFO] - AVG rho on val data: -0.11365218653242924
[2025-01-23 01:48:20,337][rgc][INFO] - AVG rho on test data: -0.1357163899056751
[2025-01-23 03:23:05,640][rgc][INFO] - AVG rho on train data: -0.08082109823322986
[2025-01-23 03:23:05,640][rgc][INFO] - Current best rhos: train -0.08082109823322986, val -0.11365218653242924, test -0.1357163899056751
[2025-01-23 03:23:05,655][rgc][INFO] - Finished
